<?xml version="1.0" encoding="UTF-8"?>
<!-- Generated by org.testng.reporters.JUnitReportReporter -->
<testsuite hostname="sonam-PC" name="test.Grouping" tests="2" failures="0" timestamp="6 Jan 2018 18:24:46 GMT" time="12.816" errors="0">
  <testcase name="test_b" time="0.047" classname="test.Grouping"/>
  <testcase name="test_a" time="12.769" classname="test.Grouping"/>
</testsuite> <!-- test.Grouping -->
